{"E:\\doc\\my-test\\unit-test\\math.js":{"path":"E:\\doc\\my-test\\unit-test\\math.js","s":{"1":1,"2":0,"3":0,"4":1,"5":1,"6":1,"7":1,"8":1},"b":{},"f":{"1":1,"2":1},"fnMap":{"1":{"name":"(anonymous_1)","line":7,"loc":{"start":{"line":7,"column":6},"end":{"line":7,"column":16}}},"2":{"name":"(anonymous_2)","line":12,"loc":{"start":{"line":12,"column":6},"end":{"line":12,"column":16}}}},"statementMap":{"1":{"start":{"line":1,"column":0},"end":{"line":4,"column":1}},"2":{"start":{"line":2,"column":2},"end":{"line":2,"column":14}},"3":{"start":{"line":3,"column":2},"end":{"line":3,"column":17}},"4":{"start":{"line":6,"column":0},"end":{"line":27,"column":1}},"5":{"start":{"line":8,"column":4},"end":{"line":10,"column":7}},"6":{"start":{"line":9,"column":6},"end":{"line":9,"column":19}},"7":{"start":{"line":13,"column":4},"end":{"line":15,"column":7}},"8":{"start":{"line":14,"column":6},"end":{"line":14,"column":19}}},"branchMap":{}}}